# JRE version: OpenJDK Runtime Environment (23.0.2+7) (build 23.0.2+7-58)
# Java VM: OpenJDK 64-Bit Server VM (23.0.2+7-58, mixed mode, sharing, tiered, compressed oops, compressed class ptrs, g1 gc, windows-amd64)
GC Precious Log:
 CardTable entry size: 512
 Card Set container configuration: InlinePtr #cards 5 size 8 Array Of Cards #cards 10 size 36 Howl #buckets 4 coarsen threshold 1843 Howl Bitmap #cards 512 size 80 coarsen threshold 460 Card regions per heap region 1 cards per card region 2048
 CPUs: 12 total, 12 available
 Memory: 7998M
 Large Page Support: Disabled
 NUMA Support: Disabled
 Compressed Oops: Enabled (32-bit)
 Heap Region Size: 1M
 Heap Min Capacity: 8M
 Heap Initial Capacity: 126M
 Heap Max Capacity: 2000M
 Pre-touch: Disabled
 Parallel Workers: 10
 Concurrent Workers: 3
 Concurrent Refinement Workers: 10
 Periodic GC: Disabled
Heap:
 garbage-first heap   total reserved 2048000K, committed 137216K, used 75561K [0x0000000083000000, 0x0000000100000000)
  region size 1024K, 39 young (39936K), 7 survivors (7168K)
 Metaspace       used 90086K, committed 90944K, reserved 1179648K
  class space    used 11580K, committed 11968K, reserved 1048576K
GC Heap History (20 events):
Event: 10439.505 GC heap before
{Heap before GC invocations=106 (full 4):
 garbage-first heap   total reserved 2048000K, committed 102400K, used 47711K [0x0000000083000000, 0x0000000100000000)
  region size 1024K, 9 young (9216K), 6 survivors (6144K)
 Metaspace       used 86066K, committed 86848K, reserved 1179648K
  class space    used 11226K, committed 11584K, reserved 1048576K
}
Event: 10441.660 GC heap after
{Heap after GC invocations=107 (full 5):
 garbage-first heap   total reserved 2048000K, committed 102400K, used 36584K [0x0000000083000000, 0x0000000100000000)
  region size 1024K, 0 young (0K), 0 survivors (0K)
 Metaspace       used 86064K, committed 86848K, reserved 1179648K
  class space    used 11225K, committed 11584K, reserved 1048576K
}
Event: 10450.058 GC heap before
{Heap before GC invocations=107 (full 5):
 garbage-first heap   total reserved 2048000K, committed 102400K, used 84712K [0x0000000083000000, 0x0000000100000000)
  region size 1024K, 48 young (49152K), 0 survivors (0K)
 Metaspace       used 86489K, committed 87296K, reserved 1179648K
  class space    used 11269K, committed 11648K, reserved 1048576K
}
Event: 10450.079 GC heap after
{Heap after GC invocations=108 (full 5):
 garbage-first heap   total reserved 2048000K, committed 102400K, used 40774K [0x0000000083000000, 0x0000000100000000)
  region size 1024K, 5 young (5120K), 5 survivors (5120K)
 Metaspace       used 86489K, committed 87296K, reserved 1179648K
  class space    used 11269K, committed 11648K, reserved 1048576K
}
Event: 10450.685 GC heap before
{Heap before GC invocations=109 (full 5):
 garbage-first heap   total reserved 2048000K, committed 102400K, used 87878K [0x0000000083000000, 0x0000000100000000)
  region size 1024K, 51 young (52224K), 5 survivors (5120K)
 Metaspace       used 87001K, committed 87744K, reserved 1179648K
  class space    used 11308K, committed 11648K, reserved 1048576K
}
Event: 10450.690 GC heap after
{Heap after GC invocations=110 (full 5):
 garbage-first heap   total reserved 2048000K, committed 102400K, used 43653K [0x0000000083000000, 0x0000000100000000)
  region size 1024K, 4 young (4096K), 4 survivors (4096K)
 Metaspace       used 87001K, committed 87744K, reserved 1179648K
  class space    used 11308K, committed 11648K, reserved 1048576K
}
Event: 10500.886 GC heap before
{Heap before GC invocations=110 (full 5):
 garbage-first heap   total reserved 2048000K, committed 102400K, used 88709K [0x0000000083000000, 0x0000000100000000)
  region size 1024K, 48 young (49152K), 4 survivors (4096K)
 Metaspace       used 87488K, committed 88256K, reserved 1179648K
  class space    used 11335K, committed 11712K, reserved 1048576K
}
Event: 10500.891 GC heap after
{Heap after GC invocations=111 (full 5):
 garbage-first heap   total reserved 2048000K, committed 102400K, used 46311K [0x0000000083000000, 0x0000000100000000)
  region size 1024K, 6 young (6144K), 6 survivors (6144K)
 Metaspace       used 87488K, committed 88256K, reserved 1179648K
  class space    used 11335K, committed 11712K, reserved 1048576K
}
Event: 10541.304 GC heap before
{Heap before GC invocations=111 (full 5):
 garbage-first heap   total reserved 2048000K, committed 102400K, used 51431K [0x0000000083000000, 0x0000000100000000)
  region size 1024K, 12 young (12288K), 6 survivors (6144K)
 Metaspace       used 87510K, committed 88320K, reserved 1179648K
  class space    used 11335K, committed 11712K, reserved 1048576K
}
Event: 10545.200 GC heap after
{Heap after GC invocations=112 (full 6):
 garbage-first heap   total reserved 2048000K, committed 102400K, used 37441K [0x0000000083000000, 0x0000000100000000)
  region size 1024K, 0 young (0K), 0 survivors (0K)
 Metaspace       used 87507K, committed 88320K, reserved 1179648K
  class space    used 11335K, committed 11712K, reserved 1048576K
}
Event: 10548.193 GC heap before
{Heap before GC invocations=112 (full 6):
 garbage-first heap   total reserved 2048000K, committed 102400K, used 85569K [0x0000000083000000, 0x0000000100000000)
  region size 1024K, 48 young (49152K), 0 survivors (0K)
 Metaspace       used 87933K, committed 88704K, reserved 1179648K
  class space    used 11377K, committed 11712K, reserved 1048576K
}
Event: 10548.200 GC heap after
{Heap after GC invocations=113 (full 6):
 garbage-first heap   total reserved 2048000K, committed 102400K, used 41922K [0x0000000083000000, 0x0000000100000000)
  region size 1024K, 5 young (5120K), 5 survivors (5120K)
 Metaspace       used 87933K, committed 88704K, reserved 1179648K
  class space    used 11377K, committed 11712K, reserved 1048576K
}
Event: 10548.829 GC heap before
{Heap before GC invocations=114 (full 6):
 garbage-first heap   total reserved 2048000K, committed 102400K, used 86978K [0x0000000083000000, 0x0000000100000000)
  region size 1024K, 50 young (51200K), 5 survivors (5120K)
 Metaspace       used 88380K, committed 89152K, reserved 1179648K
  class space    used 11416K, committed 11776K, reserved 1048576K
}
Event: 10548.839 GC heap after
{Heap after GC invocations=115 (full 6):
 garbage-first heap   total reserved 2048000K, committed 102400K, used 44378K [0x0000000083000000, 0x0000000100000000)
  region size 1024K, 4 young (4096K), 4 survivors (4096K)
 Metaspace       used 88380K, committed 89152K, reserved 1179648K
  class space    used 11416K, committed 11776K, reserved 1048576K
}
Event: 10578.938 GC heap before
{Heap before GC invocations=115 (full 6):
 garbage-first heap   total reserved 2048000K, committed 102400K, used 88410K [0x0000000083000000, 0x0000000100000000)
  region size 1024K, 47 young (48128K), 4 survivors (4096K)
 Metaspace       used 88914K, committed 89664K, reserved 1179648K
  class space    used 11444K, committed 11776K, reserved 1048576K
}
Event: 10579.033 GC heap after
{Heap after GC invocations=116 (full 6):
 garbage-first heap   total reserved 2048000K, committed 182272K, used 47030K [0x0000000083000000, 0x0000000100000000)
  region size 1024K, 6 young (6144K), 6 survivors (6144K)
 Metaspace       used 88914K, committed 89664K, reserved 1179648K
  class space    used 11444K, committed 11776K, reserved 1048576K
}
Event: 10599.844 GC heap before
{Heap before GC invocations=116 (full 6):
 garbage-first heap   total reserved 2048000K, committed 182272K, used 50102K [0x0000000083000000, 0x0000000100000000)
  region size 1024K, 10 young (10240K), 6 survivors (6144K)
 Metaspace       used 88926K, committed 89728K, reserved 1179648K
  class space    used 11445K, committed 11840K, reserved 1048576K
}
Event: 10600.230 GC heap after
{Heap after GC invocations=117 (full 7):
 garbage-first heap   total reserved 2048000K, committed 137216K, used 38217K [0x0000000083000000, 0x0000000100000000)
  region size 1024K, 0 young (0K), 0 survivors (0K)
 Metaspace       used 88923K, committed 89728K, reserved 1179648K
  class space    used 11444K, committed 11840K, reserved 1048576K
}
Event: 10603.642 GC heap before
{Heap before GC invocations=117 (full 7):
 garbage-first heap   total reserved 2048000K, committed 137216K, used 110921K [0x0000000083000000, 0x0000000100000000)
  region size 1024K, 72 young (73728K), 0 survivors (0K)
 Metaspace       used 89793K, committed 90688K, reserved 1179648K
  class space    used 11557K, committed 11968K, reserved 1048576K
}
Event: 10603.656 GC heap after
{Heap after GC invocations=118 (full 7):
 garbage-first heap   total reserved 2048000K, committed 137216K, used 44841K [0x0000000083000000, 0x0000000100000000)
  region size 1024K, 7 young (7168K), 7 survivors (7168K)
 Metaspace       used 89793K, committed 90688K, reserved 1179648K
  class space    used 11557K, committed 11968K, reserved 1048576K
}

